<?xml version="1.0" encoding="UTF-8"?>
<!-- Generated by org.testng.reporters.JUnitReportReporter -->
<testsuite hostname="DESKTOP-GM3U5VC" failures="0" tests="3" name="com.Test.SecondTest" time="14.971" errors="0" timestamp="2022-02-18T04:22:38 IST" skipped="0">
  <testcase classname="com.Test.SecondTest" name="Login" time="3.794"/>
  <system-out/>
  <testcase classname="com.Test.SecondTest" name="Launch" time="6.516"/>
  <system-out/>
  <testcase classname="com.Test.SecondTest" name="FoodBox" time="4.661"/>
  <system-out/>
</testsuite> <!-- com.Test.SecondTest -->
