<?xml version="1.0" encoding="UTF-8"?>
<!-- Generated by org.testng.reporters.JUnitReportReporter -->
<testsuite hostname="DESKTOP-GM3U5VC" failures="0" tests="1" name="com.Test.NewTest" time="5.226" errors="0" timestamp="2022-02-18T04:30:43 IST" skipped="0">
  <testcase classname="com.Test.NewTest" name="t_01" time="5.226"/>
  <system-out/>
</testsuite> <!-- com.Test.NewTest -->
