<?xml version="1.0" encoding="UTF-8"?>
<!-- Generated by org.testng.reporters.JUnitReportReporter -->
<testsuite hostname="DESKTOP-GM3U5VC" failures="0" tests="3" name="com.Test.SecondTest" time="12.056" errors="0" timestamp="17 Feb 2022 22:53:43 GMT" skipped="0">
  <testcase classname="com.Test.SecondTest" name="FoodBox" time="3.704"/>
  <testcase classname="com.Test.SecondTest" name="Launch" time="5.133"/>
  <testcase classname="com.Test.SecondTest" name="Login" time="3.219"/>
</testsuite> <!-- com.Test.SecondTest -->
