<?xml version="1.0" encoding="UTF-8"?>
<!-- Generated by org.testng.reporters.JUnitReportReporter -->
<testsuite hostname="DESKTOP-GM3U5VC" failures="0" tests="1" name="com.Test.FirstTest" time="5.146" errors="0" timestamp="17 Feb 2022 22:53:43 GMT" skipped="0">
  <testcase classname="com.Test.FirstTest" name="t_01" time="5.146"/>
</testsuite> <!-- com.Test.FirstTest -->
